<?xml version="1.0" encoding="UTF-8"?>
<testsuites name="Scenario 1" time="53.064" tests="2" failures="0" errors="0">
   <testsuite name="Scenario 1" tests="2" failures="0" errors="0" time="53.064" skipped="0" timestamp="2023-03-22 13:57:57" hostname="nita - nitas-air.lan" id="Test Suites/Scenario 1">
      <properties>
         <property name="deviceName" value=""/>
         <property name="devicePlatform" value=""/>
         <property name="logFolder" value="/Users/nita/Desktop/Data-Personal/Reports/20230322_135754/Scenario 1/20230322_135754"/>
         <property name="logFiles" value="/Users/nita/Desktop/Data-Personal/Reports/20230322_135754/Scenario 1/20230322_135754/execution0.log"/>
         <property name="attachments" value=""/>
         <property name="hostName" value="nita - nitas-air.lan"/>
         <property name="os" value="Mac OS X 64bit"/>
         <property name="katalonVersion" value="8.5.5.208"/>
         <property name="browser" value="Chrome 111.0.0.0"/>
         <property name="hostAddress" value="192.168.8.180"/>
         <property name="sessionId" value="764ada90ddc5c1448082227223fe945c"/>
         <property name="seleniumVersion" value="3.141.59"/>
         <property name="proxyInformation" value="ProxyInformation { proxyOption=NO_PROXY, proxyServerType=HTTP, username=, password=********, proxyServerAddress=, proxyServerPort=0, executionList=&quot;&quot;, isApplyToDesiredCapabilities=true }"/>
         <property name="platform" value="Mac OS X"/>
      </properties>
      <testcase name="Test Cases/Login" time="28.789" classname="Test Cases/Login" status="PASSED">
         <system-out><![CDATA[2023-03-22 13:57:58 - [TEST_CASE][PASSED] - Test Cases/Login: Test Cases/Login

2023-03-22 13:57:58 - [TEST_STEP][PASSED] - openBrowser("https://opensource-demo.orangehrmlive.com/"): Browser is opened with url: 'https://opensource-demo.orangehrmlive.com/'

2023-03-22 13:57:58 - [MESSAGE][INFO] - Starting 'Chrome' driver

2023-03-22 13:57:59 - [MESSAGE][INFO] - Action delay is set to 0 milliseconds

2023-03-22 13:58:14 - [MESSAGE][PASSED] - Browser is opened with url: 'https://opensource-demo.orangehrmlive.com/'

2023-03-22 13:58:14 - [TEST_STEP][PASSED] - maximizeWindow(): Current window maximized

2023-03-22 13:58:18 - [MESSAGE][PASSED] - Current window maximized

2023-03-22 13:58:18 - [TEST_STEP][PASSED] - delay(3): Delayed 3 second(s)

2023-03-22 13:58:21 - [MESSAGE][PASSED] - Delayed 3 second(s)

2023-03-22 13:58:21 - [TEST_STEP][PASSED] - setText(findTestObject("Login/Input username"), "Admin"): Text 'Admin' is set on object 'Object Repository/Login/Input username'

2023-03-22 13:58:22 - [MESSAGE][PASSED] - Text 'Admin' is set on object 'Object Repository/Login/Input username'

2023-03-22 13:58:22 - [TEST_STEP][PASSED] - setText(findTestObject("Login/Input password"), "admin123"): Text 'admin123' is set on object 'Object Repository/Login/Input password'

2023-03-22 13:58:24 - [MESSAGE][PASSED] - Text 'admin123' is set on object 'Object Repository/Login/Input password'

2023-03-22 13:58:24 - [TEST_STEP][PASSED] - click(findTestObject("Login/click login")): Object: 'Object Repository/Login/click login' is clicked on

2023-03-22 13:58:27 - [MESSAGE][PASSED] - Object: 'Object Repository/Login/click login' is clicked on]]></system-out>
         <system-err><![CDATA[]]></system-err>
      </testcase>
      <testcase name="Test Cases/Menu PIM Input" time="23.845" classname="Test Cases/Menu PIM Input" status="PASSED">
         <system-out><![CDATA[2023-03-22 13:58:27 - [TEST_CASE][PASSED] - Test Cases/Menu PIM Input: Test Cases/Menu PIM Input

2023-03-22 13:58:27 - [TEST_STEP][PASSED] - click(findTestObject("Menu PIM/click PIM")): Object: 'Object Repository/Menu PIM/click PIM' is clicked on

2023-03-22 13:58:33 - [MESSAGE][PASSED] - Object: 'Object Repository/Menu PIM/click PIM' is clicked on

2023-03-22 13:58:33 - [TEST_STEP][PASSED] - click(findTestObject("Menu PIM/click add")): Object: 'Object Repository/Menu PIM/click add' is clicked on

2023-03-22 13:58:38 - [MESSAGE][PASSED] - Object: 'Object Repository/Menu PIM/click add' is clicked on

2023-03-22 13:58:38 - [TEST_STEP][PASSED] - setText(findTestObject("Menu PIM/Input-firstname"), "abc"): Text 'abc' is set on object 'Object Repository/Menu PIM/Input-firstname'

2023-03-22 13:58:41 - [MESSAGE][PASSED] - Text 'abc' is set on object 'Object Repository/Menu PIM/Input-firstname'

2023-03-22 13:58:41 - [TEST_STEP][PASSED] - setText(findTestObject("Menu PIM/Input middlename"), "def"): Text 'def' is set on object 'Object Repository/Menu PIM/Input middlename'

2023-03-22 13:58:42 - [MESSAGE][PASSED] - Text 'def' is set on object 'Object Repository/Menu PIM/Input middlename'

2023-03-22 13:58:42 - [TEST_STEP][PASSED] - setText(findTestObject("Menu PIM/Input lastname"), "ghi"): Text 'ghi' is set on object 'Object Repository/Menu PIM/Input lastname'

2023-03-22 13:58:43 - [MESSAGE][PASSED] - Text 'ghi' is set on object 'Object Repository/Menu PIM/Input lastname'

2023-03-22 13:58:43 - [TEST_STEP][PASSED] - click(findTestObject("Menu PIM/click save")): Object: 'Object Repository/Menu PIM/click save' is clicked on

2023-03-22 13:58:44 - [MESSAGE][PASSED] - Object: 'Object Repository/Menu PIM/click save' is clicked on

2023-03-22 13:58:44 - [TEST_STEP][PASSED] - click(findTestObject("Menu PIM/click emp list")): Object: 'Object Repository/Menu PIM/click emp list' is clicked on

2023-03-22 13:58:45 - [MESSAGE][PASSED] - Object: 'Object Repository/Menu PIM/click emp list' is clicked on

2023-03-22 13:58:45 - [TEST_STEP][PASSED] - setText(findTestObject("Menu PIM/Input emp name"), "A"): Text 'A' is set on object 'Object Repository/Menu PIM/Input emp name'

2023-03-22 13:58:48 - [MESSAGE][PASSED] - Text 'A' is set on object 'Object Repository/Menu PIM/Input emp name'

2023-03-22 13:58:48 - [TEST_STEP][PASSED] - setText(findTestObject("Menu PIM/Input emp id"), "01"): Text '01' is set on object 'Object Repository/Menu PIM/Input emp id'

2023-03-22 13:58:49 - [MESSAGE][PASSED] - Text '01' is set on object 'Object Repository/Menu PIM/Input emp id'

2023-03-22 13:58:49 - [TEST_STEP][PASSED] - click(findTestObject("Menu PIM/Input emp status")): Object: 'Object Repository/Menu PIM/Input emp status' is clicked on

2023-03-22 13:58:50 - [MESSAGE][PASSED] - Object: 'Object Repository/Menu PIM/Input emp status' is clicked on

2023-03-22 13:58:50 - [TEST_STEP][PASSED] - click(findTestObject("Menu PIM/click search")): Object: 'Object Repository/Menu PIM/click search' is clicked on

2023-03-22 13:58:50 - [MESSAGE][PASSED] - Object: 'Object Repository/Menu PIM/click search' is clicked on]]></system-out>
         <system-err><![CDATA[]]></system-err>
      </testcase>
      <system-out><![CDATA[2023-03-22 13:57:57 - [TEST_SUITE][PASSED] - Scenario 1: Test Cases/Menu PIM Input]]></system-out>
      <system-err><![CDATA[]]></system-err>
   </testsuite>
</testsuites>
